1503688000085	geckodriver	INFO	geckodriver 0.18.0
1503688000091	geckodriver	INFO	Listening on 127.0.0.1:57840
1503688002162	geckodriver::marionette	INFO	Starting browser C:\Program Files (x86)\Mozilla Firefox\firefox.exe with args ["-marionette"]
1503688002704	addons.manager	DEBUG	Application has been upgraded
1503688002829	addons.manager	DEBUG	Loaded provider scope for resource://gre/modules/addons/XPIProvider.jsm: ["XPIProvider"]
1503688002831	addons.manager	DEBUG	Loaded provider scope for resource://gre/modules/LightweightThemeManager.jsm: ["LightweightThemeManager"]
1503688002833	addons.manager	DEBUG	Loaded provider scope for resource://gre/modules/addons/GMPProvider.jsm
1503688002834	addons.manager	DEBUG	Loaded provider scope for resource://gre/modules/addons/PluginProvider.jsm
1503688002835	addons.manager	DEBUG	Starting provider: XPIProvider
1503688002835	addons.xpi	DEBUG	startup
1503688002835	addons.xpi	INFO	Removing all system add-on upgrades.
1503688002836	addons.xpi	INFO	SystemAddonInstallLocation directory is missing
1503688002837	addons.xpi	INFO	Mapping aushelper@mozilla.org to C:\Program Files (x86)\Mozilla Firefox\browser\features\aushelper@mozilla.org.xpi
1503688002837	addons.xpi	INFO	Mapping e10srollout@mozilla.org to C:\Program Files (x86)\Mozilla Firefox\browser\features\e10srollout@mozilla.org.xpi
1503688002837	addons.xpi	INFO	Mapping firefox@getpocket.com to C:\Program Files (x86)\Mozilla Firefox\browser\features\firefox@getpocket.com.xpi
1503688002837	addons.xpi	INFO	Mapping screenshots@mozilla.org to C:\Program Files (x86)\Mozilla Firefox\browser\features\screenshots@mozilla.org.xpi
1503688002838	addons.xpi	INFO	Mapping webcompat@mozilla.org to C:\Program Files (x86)\Mozilla Firefox\browser\features\webcompat@mozilla.org.xpi
1503688002838	addons.xpi	INFO	Mapping {972ce4c6-7e08-4474-a285-3208198ce6fd} to C:\Program Files (x86)\Mozilla Firefox\browser\extensions\{972ce4c6-7e08-4474-a285-3208198ce6fd}.xpi
1503688002838	addons.xpi	DEBUG	checkForChanges
1503688002839	addons.xpi	INFO	SystemAddonInstallLocation directory is missing
1503688002839	addons.xpi	DEBUG	Loaded add-on state from prefs: {}
1503688002839	addons.xpi	DEBUG	New add-on aushelper@mozilla.org in app-system-defaults
1503688002840	addons.xpi	DEBUG	getModTime: Recursive scan of aushelper@mozilla.org
1503688002840	addons.xpi	DEBUG	New add-on e10srollout@mozilla.org in app-system-defaults
1503688002840	addons.xpi	DEBUG	getModTime: Recursive scan of e10srollout@mozilla.org
1503688002841	addons.xpi	DEBUG	New add-on firefox@getpocket.com in app-system-defaults
1503688002841	addons.xpi	DEBUG	getModTime: Recursive scan of firefox@getpocket.com
1503688002841	addons.xpi	DEBUG	New add-on screenshots@mozilla.org in app-system-defaults
1503688002842	addons.xpi	DEBUG	getModTime: Recursive scan of screenshots@mozilla.org
1503688002842	addons.xpi	DEBUG	New add-on webcompat@mozilla.org in app-system-defaults
1503688002842	addons.xpi	DEBUG	getModTime: Recursive scan of webcompat@mozilla.org
1503688002842	addons.xpi	DEBUG	New add-on {972ce4c6-7e08-4474-a285-3208198ce6fd} in app-global
1503688002842	addons.xpi	DEBUG	getModTime: Recursive scan of {972ce4c6-7e08-4474-a285-3208198ce6fd}
1503688002843	addons.xpi	DEBUG	getInstallState changed: true, state: {"app-system-defaults":{"aushelper@mozilla.org":{"d":"C:\\Program Files (x86)\\Mozilla Firefox\\browser\\features\\aushelper@mozilla.org.xpi","st":1498666862000},"e10srollout@mozilla.org":{"d":"C:\\Program Files (x86)\\Mozilla Firefox\\browser\\features\\e10srollout@mozilla.org.xpi","st":1498666862000},"firefox@getpocket.com":{"d":"C:\\Program Files (x86)\\Mozilla Firefox\\browser\\features\\firefox@getpocket.com.xpi","st":1498666863000},"screenshots@mozilla.org":{"d":"C:\\Program Files (x86)\\Mozilla Firefox\\browser\\features\\screenshots@mozilla.org.xpi","st":1498666863000},"webcompat@mozilla.org":{"d":"C:\\Program Files (x86)\\Mozilla Firefox\\browser\\features\\webcompat@mozilla.org.xpi","st":1498666862000}},"app-global":{"{972ce4c6-7e08-4474-a285-3208198ce6fd}":{"d":"C:\\Program Files (x86)\\Mozilla Firefox\\browser\\extensions\\{972ce4c6-7e08-4474-a285-3208198ce6fd}.xpi","st":1498666862000}}}
1503688002848	addons.xpi-utils	DEBUG	Opening XPI database C:\Users\KCHAND~1\AppData\Local\Temp\rust_mozprofile.2Y5Aebvz9eDh\extensions.json
1503688002850	addons.xpi-utils	DEBUG	New add-on aushelper@mozilla.org installed in app-system-defaults
*** Blocklist::_loadBlocklistFromFile: blocklist is disabled
1503688002860	DeferredSave.extensions.json	DEBUG	Save changes
1503688002861	addons.xpi-utils	DEBUG	New add-on e10srollout@mozilla.org installed in app-system-defaults
1503688002866	DeferredSave.extensions.json	DEBUG	Starting timer
1503688002867	DeferredSave.extensions.json	DEBUG	Save changes
1503688002867	addons.xpi-utils	DEBUG	New add-on firefox@getpocket.com installed in app-system-defaults
1503688002876	DeferredSave.extensions.json	DEBUG	Save changes
1503688002876	addons.xpi-utils	DEBUG	New add-on screenshots@mozilla.org installed in app-system-defaults
1503688002884	DeferredSave.extensions.json	DEBUG	Save changes
1503688002884	addons.xpi-utils	DEBUG	New add-on webcompat@mozilla.org installed in app-system-defaults
1503688002891	DeferredSave.extensions.json	DEBUG	Save changes
1503688002891	addons.xpi-utils	DEBUG	New add-on {972ce4c6-7e08-4474-a285-3208198ce6fd} installed in app-global
1503688002896	DeferredSave.extensions.json	DEBUG	Save changes
1503688002897	addons.manager	DEBUG	Registering startup change 'installed' for aushelper@mozilla.org
1503688002902	addons.xpi	DEBUG	Loading bootstrap scope from C:\Program Files (x86)\Mozilla Firefox\browser\features\aushelper@mozilla.org.xpi
1503688002906	addons.xpi	DEBUG	Calling bootstrap method install on aushelper@mozilla.org version 2.0
1503688002906	addons.xpi-utils	DEBUG	Make addon app-system-defaults:aushelper@mozilla.org visible
1503688002906	DeferredSave.extensions.json	DEBUG	Save changes
1503688002906	addons.manager	DEBUG	Registering startup change 'installed' for e10srollout@mozilla.org
1503688002907	addons.xpi	DEBUG	Loading bootstrap scope from C:\Program Files (x86)\Mozilla Firefox\browser\features\e10srollout@mozilla.org.xpi
1503688002908	addons.xpi	DEBUG	Calling bootstrap method install on e10srollout@mozilla.org version 1.50
1503688002909	addons.xpi-utils	DEBUG	Make addon app-system-defaults:e10srollout@mozilla.org visible
1503688002909	DeferredSave.extensions.json	DEBUG	Save changes
1503688002910	addons.manager	DEBUG	Registering startup change 'installed' for firefox@getpocket.com
1503688002910	addons.xpi	DEBUG	Loading bootstrap scope from C:\Program Files (x86)\Mozilla Firefox\browser\features\firefox@getpocket.com.xpi
1503688002913	addons.xpi	DEBUG	Calling bootstrap method install on firefox@getpocket.com version 1.0.5
1503688002913	addons.xpi-utils	DEBUG	Make addon app-system-defaults:firefox@getpocket.com visible
1503688002914	DeferredSave.extensions.json	DEBUG	Save changes
1503688002914	addons.manager	DEBUG	Registering startup change 'installed' for screenshots@mozilla.org
1503688002914	addons.xpi	DEBUG	Loading bootstrap scope from C:\Program Files (x86)\Mozilla Firefox\browser\features\screenshots@mozilla.org.xpi
1503688002916	addons.xpi	DEBUG	Calling bootstrap method install on screenshots@mozilla.org version 6.6.0
1503688002916	addons.xpi-utils	DEBUG	Make addon app-system-defaults:screenshots@mozilla.org visible
1503688002916	DeferredSave.extensions.json	DEBUG	Save changes
1503688002916	addons.manager	DEBUG	Registering startup change 'installed' for webcompat@mozilla.org
1503688002917	addons.xpi	DEBUG	Loading bootstrap scope from C:\Program Files (x86)\Mozilla Firefox\browser\features\webcompat@mozilla.org.xpi
1503688002918	addons.xpi	DEBUG	Calling bootstrap method install on webcompat@mozilla.org version 1.1
1503688002918	addons.xpi-utils	DEBUG	Make addon app-system-defaults:webcompat@mozilla.org visible
1503688002918	DeferredSave.extensions.json	DEBUG	Save changes
1503688002919	addons.xpi-utils	DEBUG	Make addon app-global:{972ce4c6-7e08-4474-a285-3208198ce6fd} visible
1503688002919	DeferredSave.extensions.json	DEBUG	Save changes
1503688002919	addons.xpi	DEBUG	Updating XPIState for {"id":"aushelper@mozilla.org","syncGUID":"{b2dc0b41-3d10-4a53-b800-1ceac82980b7}","location":"app-system-defaults","version":"2.0","type":"extension","internalName":null,"updateURL":null,"updateKey":null,"optionsURL":null,"optionsType":null,"aboutURL":null,"icons":{},"iconURL":null,"icon64URL":null,"defaultLocale":{"name":"Application Update Service Helper","description":"Sets value(s) in the update url based on custom checks.","creator":null,"homepageURL":null},"visible":true,"active":true,"userDisabled":false,"appDisabled":false,"descriptor":"C:\\Program Files (x86)\\Mozilla Firefox\\browser\\features\\aushelper@mozilla.org.xpi","installDate":1498666862000,"updateDate":1498666862000,"applyBackgroundUpdates":1,"bootstrap":true,"skinnable":false,"size":8488,"sourceURI":null,"releaseNotesURI":null,"softDisabled":false,"foreignInstall":false,"hasBinaryComponents":false,"strictCompatibility":false,"locales":[],"targetApplications":[{"id":"{ec8030f7-c20a-464f-9b0e-13a3a9e97384}","minVersion":"54.0.1","maxVersion":"54.*"}],"targetPlatforms":[],"multiprocessCompatible":true,"seen":true,"dependencies":[],"hasEmbeddedWebExtension":false,"mpcOptedOut":false,"userPermissions":null}
1503688002919	addons.xpi	DEBUG	getModTime: Recursive scan of aushelper@mozilla.org
1503688002919	addons.xpi	DEBUG	Updating XPIState for {"id":"e10srollout@mozilla.org","syncGUID":"{9e35e27d-7e1b-4092-9334-ba4dd110177f}","location":"app-system-defaults","version":"1.50","type":"extension","internalName":null,"updateURL":null,"updateKey":null,"optionsURL":null,"optionsType":null,"aboutURL":null,"icons":{},"iconURL":null,"icon64URL":null,"defaultLocale":{"name":"Multi-process staged rollout","description":"Staged rollout of Firefox multi-process feature.","creator":null,"homepageURL":null},"visible":true,"active":true,"userDisabled":false,"appDisabled":false,"descriptor":"C:\\Program Files (x86)\\Mozilla Firefox\\browser\\features\\e10srollout@mozilla.org.xpi","installDate":1498666862000,"updateDate":1498666862000,"applyBackgroundUpdates":1,"bootstrap":true,"skinnable":false,"size":12519,"sourceURI":null,"releaseNotesURI":null,"softDisabled":false,"foreignInstall":false,"hasBinaryComponents":false,"strictCompatibility":false,"locales":[],"targetApplications":[{"id":"{ec8030f7-c20a-464f-9b0e-13a3a9e97384}","minVersion":"54.0.1","maxVersion":"54.*"}],"targetPlatforms":[],"multiprocessCompatible":true,"seen":true,"dependencies":[],"hasEmbeddedWebExtension":false,"mpcOptedOut":false,"userPermissions":null}
1503688002919	addons.xpi	DEBUG	getModTime: Recursive scan of e10srollout@mozilla.org
1503688002920	addons.xpi	DEBUG	Updating XPIState for {"id":"firefox@getpocket.com","syncGUID":"{9aa1dec9-0fb1-4b33-bc67-bb44e37af7dc}","location":"app-system-defaults","version":"1.0.5","type":"extension","internalName":null,"updateURL":null,"updateKey":null,"optionsURL":null,"optionsType":null,"aboutURL":null,"icons":{},"iconURL":null,"icon64URL":null,"defaultLocale":{"name":"Pocket","description":"When you find something you want to view later, put it in Pocket.","creator":null,"homepageURL":null},"visible":true,"active":true,"userDisabled":false,"appDisabled":false,"descriptor":"C:\\Program Files (x86)\\Mozilla Firefox\\browser\\features\\firefox@getpocket.com.xpi","installDate":1498666863000,"updateDate":1498666863000,"applyBackgroundUpdates":1,"bootstrap":true,"skinnable":false,"size":913906,"sourceURI":null,"releaseNotesURI":null,"softDisabled":false,"foreignInstall":false,"hasBinaryComponents":false,"strictCompatibility":false,"locales":[],"targetApplications":[{"id":"{ec8030f7-c20a-464f-9b0e-13a3a9e97384}","minVersion":"54.0.1","maxVersion":"54.*"}],"targetPlatforms":[],"multiprocessCompatible":true,"seen":true,"dependencies":[],"hasEmbeddedWebExtension":false,"mpcOptedOut":false,"userPermissions":null}
1503688002920	addons.xpi	DEBUG	getModTime: Recursive scan of firefox@getpocket.com
1503688002920	addons.xpi	DEBUG	Updating XPIState for {"id":"screenshots@mozilla.org","syncGUID":"{416dfad2-1ad1-4a6c-83cf-f13351342ca9}","location":"app-system-defaults","version":"6.6.0","type":"extension","internalName":null,"updateURL":null,"updateKey":null,"optionsURL":null,"optionsType":null,"aboutURL":null,"icons":{},"iconURL":null,"icon64URL":null,"defaultLocale":{"name":"Firefox Screenshots","description":null,"creator":null,"homepageURL":"https://pageshot.net/"},"visible":true,"active":true,"userDisabled":false,"appDisabled":false,"descriptor":"C:\\Program Files (x86)\\Mozilla Firefox\\browser\\features\\screenshots@mozilla.org.xpi","installDate":1498666863000,"updateDate":1498666863000,"applyBackgroundUpdates":1,"bootstrap":true,"skinnable":false,"size":716271,"sourceURI":null,"releaseNotesURI":null,"softDisabled":false,"foreignInstall":false,"hasBinaryComponents":false,"strictCompatibility":false,"locales":[],"targetApplications":[{"id":"{ec8030f7-c20a-464f-9b0e-13a3a9e97384}","minVersion":"51.0a1","maxVersion":"*"}],"targetPlatforms":[],"multiprocessCompatible":true,"seen":true,"dependencies":[],"hasEmbeddedWebExtension":false,"mpcOptedOut":false,"userPermissions":null}
1503688002920	addons.xpi	DEBUG	getModTime: Recursive scan of screenshots@mozilla.org
1503688002920	addons.xpi	DEBUG	Updating XPIState for {"id":"webcompat@mozilla.org","syncGUID":"{eecf2ecb-6ace-4ea1-bd27-d6c0b8d42c79}","location":"app-system-defaults","version":"1.1","type":"extension","internalName":null,"updateURL":null,"updateKey":null,"optionsURL":null,"optionsType":null,"aboutURL":null,"icons":{},"iconURL":null,"icon64URL":null,"defaultLocale":{"name":"Web Compat","description":"Urgent post-release fixes for web compatibility.","creator":null,"homepageURL":null},"visible":true,"active":true,"userDisabled":false,"appDisabled":false,"descriptor":"C:\\Program Files (x86)\\Mozilla Firefox\\browser\\features\\webcompat@mozilla.org.xpi","installDate":1498666862000,"updateDate":1498666862000,"applyBackgroundUpdates":1,"bootstrap":true,"skinnable":false,"size":9006,"sourceURI":null,"releaseNotesURI":null,"softDisabled":false,"foreignInstall":false,"hasBinaryComponents":false,"strictCompatibility":false,"locales":[],"targetApplications":[{"id":"{ec8030f7-c20a-464f-9b0e-13a3a9e97384}","minVersion":"54.0.1","maxVersion":"54.*"}],"targetPlatforms":[],"multiprocessCompatible":true,"seen":true,"dependencies":[],"hasEmbeddedWebExtension":false,"mpcOptedOut":false,"userPermissions":null}
1503688002921	addons.xpi	DEBUG	getModTime: Recursive scan of webcompat@mozilla.org
1503688002921	addons.xpi	DEBUG	Updating XPIState for {"id":"{972ce4c6-7e08-4474-a285-3208198ce6fd}","syncGUID":"{531c7915-10ab-4a7f-bfbb-09a819bf8bea}","location":"app-global","version":"54.0.1","type":"theme","internalName":"classic/1.0","updateURL":null,"updateKey":null,"optionsURL":null,"optionsType":null,"aboutURL":null,"icons":{},"iconURL":"chrome://browser/content/default-theme-icon.svg","icon64URL":null,"defaultLocale":{"name":"Default","description":"The default theme.","creator":"Mozilla","homepageURL":null,"contributors":["Mozilla Contributors"]},"visible":true,"active":true,"userDisabled":false,"appDisabled":false,"descriptor":"C:\\Program Files (x86)\\Mozilla Firefox\\browser\\extensions\\{972ce4c6-7e08-4474-a285-3208198ce6fd}.xpi","installDate":1498666862000,"updateDate":1498666862000,"applyBackgroundUpdates":1,"skinnable":true,"size":8207,"sourceURI":null,"releaseNotesURI":null,"softDisabled":false,"foreignInstall":false,"hasBinaryComponents":false,"strictCompatibility":true,"locales":[],"targetApplications":[{"id":"{ec8030f7-c20a-464f-9b0e-13a3a9e97384}","minVersion":"54.0.1","maxVersion":"54.0.1"}],"targetPlatforms":[],"seen":true,"dependencies":[],"hasEmbeddedWebExtension":false,"userPermissions":null}
1503688002921	addons.xpi	DEBUG	getModTime: Recursive scan of {972ce4c6-7e08-4474-a285-3208198ce6fd}
1503688002921	DeferredSave.extensions.json	DEBUG	Save changes
1503688002922	addons.xpi	DEBUG	Updating database with changes to installed add-ons
1503688002922	addons.xpi-utils	DEBUG	Updating add-on states
1503688002925	addons.xpi-utils	DEBUG	Writing add-ons list
1503688002931	addons.xpi	DEBUG	Registering manifest for C:\Program Files (x86)\Mozilla Firefox\browser\features\aushelper@mozilla.org.xpi
1503688002931	addons.xpi	DEBUG	Calling bootstrap method startup on aushelper@mozilla.org version 2.0
1503688002932	addons.xpi	DEBUG	Registering manifest for C:\Program Files (x86)\Mozilla Firefox\browser\features\e10srollout@mozilla.org.xpi
1503688002933	addons.xpi	DEBUG	Calling bootstrap method startup on e10srollout@mozilla.org version 1.50
1503688002933	addons.xpi	DEBUG	Registering manifest for C:\Program Files (x86)\Mozilla Firefox\browser\features\firefox@getpocket.com.xpi
1503688002933	addons.xpi	DEBUG	Calling bootstrap method startup on firefox@getpocket.com version 1.0.5
1503688002934	addons.xpi	DEBUG	Registering manifest for C:\Program Files (x86)\Mozilla Firefox\browser\features\screenshots@mozilla.org.xpi
1503688002934	addons.xpi	DEBUG	Calling bootstrap method startup on screenshots@mozilla.org version 6.6.0
1503688002935	addons.xpi	DEBUG	Registering manifest for C:\Program Files (x86)\Mozilla Firefox\browser\features\webcompat@mozilla.org.xpi
1503688002935	addons.xpi	DEBUG	Calling bootstrap method startup on webcompat@mozilla.org version 1.1
1503688002939	addons.manager	DEBUG	Registering shutdown blocker for XPIProvider
1503688002939	addons.manager	DEBUG	Provider finished startup: XPIProvider
1503688002940	addons.manager	DEBUG	Starting provider: LightweightThemeManager
1503688002940	addons.manager	DEBUG	Registering shutdown blocker for LightweightThemeManager
1503688002940	addons.manager	DEBUG	Provider finished startup: LightweightThemeManager
1503688002940	addons.manager	DEBUG	Starting provider: GMPProvider
1503688002944	addons.manager	DEBUG	Registering shutdown blocker for GMPProvider
1503688002944	addons.manager	DEBUG	Provider finished startup: GMPProvider
1503688002944	addons.manager	DEBUG	Starting provider: PluginProvider
1503688002944	addons.manager	DEBUG	Registering shutdown blocker for PluginProvider
1503688002944	addons.manager	DEBUG	Provider finished startup: PluginProvider
1503688002944	addons.manager	DEBUG	Completed startup sequence
1503688003340	addons.manager	DEBUG	Starting provider: <unnamed-provider>
1503688003340	addons.manager	DEBUG	Registering shutdown blocker for <unnamed-provider>
1503688003340	addons.manager	DEBUG	Provider finished startup: <unnamed-provider>
1503688004465	addons.manager	DEBUG	Starting provider: PreviousExperimentProvider
1503688004466	addons.manager	DEBUG	Registering shutdown blocker for PreviousExperimentProvider
1503688004466	addons.manager	DEBUG	Provider finished startup: PreviousExperimentProvider
1503688004468	DeferredSave.extensions.json	DEBUG	Starting write
1503688004630	DeferredSave.extensions.json	DEBUG	Write succeeded
1503688004631	addons.xpi-utils	DEBUG	XPI Database saved, setting schema version preference to 19
1503688005488	Marionette	INFO	Listening on port 57846
1503688005826	Marionette	WARN	TLS certificate errors will be ignored for this session
1503688005854	Marionette	DEBUG	loaded listener.js
1503688005881	Marionette	DEBUG	Received DOM event "beforeunload" for "about:blank"
1503688005920	Marionette	DEBUG	Received DOM event "pagehide" for "about:blank"
1503688005920	Marionette	DEBUG	Received DOM event "unload" for "about:blank"
1503688006516	Marionette	DEBUG	Received DOM event "DOMContentLoaded" for "https://apps.asrt.org/Default.aspx"
1503688007027	Marionette	DEBUG	Received DOM event "pageshow" for "https://apps.asrt.org/Default.aspx"
1503688007106	Marionette	DEBUG	Received DOM event "beforeunload" for "https://apps.asrt.org/Default.aspx"
1503688007149	Marionette	DEBUG	Received DOM event "pagehide" for "https://apps.asrt.org/Default.aspx"
1503688007150	Marionette	DEBUG	Received DOM event "unload" for "https://apps.asrt.org/Default.aspx"
1503688007295	Marionette	DEBUG	Received DOM event "DOMContentLoaded" for "https://apps.asrt.org/Login.aspx?ReturnUrl=https%3a%2f%2fapps.asrt.org%2fDefault.aspx"
1503688007496	Marionette	DEBUG	Received DOM event "pageshow" for "https://apps.asrt.org/Login.aspx?ReturnUrl=https%3a%2f%2fapps.asrt.org%2fDefault.aspx"
1503688007647	Marionette	DEBUG	Received DOM event "pagehide" for "https://apps.asrt.org/Login.aspx?ReturnUrl=https%3a%2f%2fapps.asrt.org%2fDefault.aspx"
1503688007770	Marionette	DEBUG	Received DOM event "pagehide" for "https://apps.asrt.org/Login.aspx?ReturnUrl=https%3a%2f%2fapps.asrt.org%2fDefault.aspx"
1503688007776	Marionette	DEBUG	Received DOM event "pagehide" for "https://www.facebook.com/tr/"
1503688007778	Marionette	DEBUG	Received observer notification "outer-window-destroyed" for "2147483657"
1503688007845	Marionette	DEBUG	Canceled page load listener because no navigation has been detected
1503688008805	Marionette	DEBUG	Received DOM event "beforeunload" for "https://apps.asrt.org/Default.aspx"
1503688009792	Marionette	DEBUG	Received DOM event "pagehide" for "https://apps.asrt.org/Default.aspx"
1503688009794	Marionette	DEBUG	Received DOM event "unload" for "https://apps.asrt.org/Default.aspx"
JavaScript warning: https://ajax.googleapis.com/ajax/libs/jquery/1.10.2/jquery.min.js, line 1: Using //@ to indicate sourceMappingURL pragmas is deprecated. Use //# instead
JavaScript error: https://community.asrt.org/higherlogic/security/loginbounce.aspx?ReturnUrl=https://apps.asrt.org/MyASRT.aspx, line 119: SyntaxError: expected expression, got '<'
1503688012434	Marionette	DEBUG	Received DOM event "DOMContentLoaded" for "https://community.asrt.org/higherlogic/security/loginbounce.aspx?ReturnUrl=https://apps.asrt.org/MyASRT.aspx"
1503688012460	Marionette	DEBUG	Received DOM event "DOMContentLoaded" for "https://community.asrt.org/blank.htm"
1503688012463	Marionette	DEBUG	Received DOM event "pageshow" for "https://community.asrt.org/blank.htm"
1503688012631	Marionette	DEBUG	Received DOM event "DOMContentLoaded" for "https://dialog.filepicker.io/dialog/comm_iframe/"
1503688012633	Marionette	DEBUG	Received DOM event "pageshow" for "https://dialog.filepicker.io/dialog/comm_iframe/"
1503688012636	Marionette	DEBUG	Received DOM event "DOMContentLoaded" for "https://www.filepicker.io/dialog/comm_iframe/"
1503688012637	Marionette	DEBUG	Received DOM event "pageshow" for "https://www.filepicker.io/dialog/comm_iframe/"
1503688012843	Marionette	DEBUG	Received DOM event "DOMContentLoaded" for "https://api.connectedcommunity.org/scripts/easyXDM/cors/?xdm_e=https%3A%2F%2Fcommunity.asrt.org&xdm_c=default3129&xdm_p=1"
1503688012844	Marionette	DEBUG	Received DOM event "pageshow" for "https://api.connectedcommunity.org/scripts/easyXDM/cors/?xdm_e=https%3A%2F%2Fcommunity.asrt.org&xdm_c=default3129&xdm_p=1"
1503688012847	Marionette	DEBUG	Received DOM event "pageshow" for "https://community.asrt.org/higherlogic/security/loginbounce.aspx?ReturnUrl=https://apps.asrt.org/MyASRT.aspx"
1503688015982	Marionette	DEBUG	Received DOM event "pagehide" for "https://apps.asrt.org/MyASRT.aspx"
1503688016035	Marionette	DEBUG	Received DOM event "pagehide" for "https://apps.asrt.org/MyASRT.aspx"
1503688016039	Marionette	DEBUG	Received DOM event "pagehide" for "https://www.facebook.com/tr/"
1503688016040	Marionette	DEBUG	Received observer notification "outer-window-destroyed" for "2147483674"
1503688016181	Marionette	DEBUG	Canceled page load listener because no navigation has been detected
1503688016215	Marionette	DEBUG	Received DOM event "beforeunload" for "https://apps.asrt.org/MyASRT.aspx"
1503688016831	Marionette	DEBUG	Received DOM event "pagehide" for "https://apps.asrt.org/MyASRT.aspx"
1503688016833	Marionette	DEBUG	Received DOM event "unload" for "https://apps.asrt.org/MyASRT.aspx"
JavaScript error: https://foundation.asrt.org/docs/librariesprovider3/foundation-js/jquery.themepunch.plugins.min.js, line 3: SyntaxError: expected expression, got '<'
JavaScript error: https://foundation.asrt.org/docs/librariesprovider3/foundation-js/jquery.themepunch.revolution.min.js, line 3: SyntaxError: expected expression, got '<'
JavaScript error: https://foundation.asrt.org/docs/librariesprovider3/foundation-js/jquery.themepunch.showbizpro.min.js, line 3: SyntaxError: expected expression, got '<'
JavaScript error: https://foundation.asrt.org/docs/librariesprovider3/foundation-js/jquery.easing.min.js, line 3: SyntaxError: expected expression, got '<'
JavaScript error: https://foundation.asrt.org/docs/librariesprovider3/foundation-js/jquery.magnific-popup.min.js, line 3: SyntaxError: expected expression, got '<'
JavaScript error: https://foundation.asrt.org/docs/librariesprovider3/foundation-js/jquery.tooltips.min.js, line 3: SyntaxError: expected expression, got '<'
JavaScript error: https://foundation.asrt.org/docs/librariesprovider3/foundation-js/jquery.superfish.js, line 3: SyntaxError: expected expression, got '<'
JavaScript error: https://foundation.asrt.org/docs/librariesprovider3/foundation-js/jquery.twitter.js, line 3: SyntaxError: expected expression, got '<'
JavaScript error: https://foundation.asrt.org/docs/librariesprovider3/foundation-js/jquery.jpanelmenu.js, line 3: SyntaxError: expected expression, got '<'
JavaScript error: https://foundation.asrt.org/docs/librariesprovider3/foundation-js/jquery.contact.js, line 3: SyntaxError: expected expression, got '<'
JavaScript error: https://foundation.asrt.org/docs/librariesprovider3/foundation-js/jquery.isotope.min.js, line 3: SyntaxError: expected expression, got '<'
JavaScript error: https://foundation.asrt.org/docs/librariesprovider3/foundation-js/custom.js, line 149: TypeError: $(...).superfish is not a function
1503688019410	Marionette	DEBUG	Received DOM event "DOMContentLoaded" for "https://foundation.asrt.org/"
1503688019550	Marionette	DEBUG	Received DOM event "pageshow" for "https://foundation.asrt.org/"
1503688019565	Marionette	DEBUG	Received DOM event "beforeunload" for "https://foundation.asrt.org/"
1503688019575	Marionette	DEBUG	Received DOM event "pagehide" for "https://foundation.asrt.org/"
1503688019578	Marionette	DEBUG	Received DOM event "unload" for "https://foundation.asrt.org/"
1503688019794	Marionette	DEBUG	Received DOM event "DOMContentLoaded" for "https://apps.asrt.org/MyASRT.aspx"
1503688019974	Marionette	DEBUG	Received DOM event "pageshow" for "https://apps.asrt.org/MyASRT.aspx"
1503688020029	Marionette	DEBUG	Received DOM event "beforeunload" for "https://apps.asrt.org/MyASRT.aspx"
1503688020312	Marionette	DEBUG	Received DOM event "pagehide" for "https://apps.asrt.org/MyASRT.aspx"
1503688020314	Marionette	DEBUG	Received DOM event "unload" for "https://apps.asrt.org/MyASRT.aspx"
1503688020372	Marionette	DEBUG	Received observer notification "outer-window-destroyed" for "2147483679"
1503688020478	Marionette	DEBUG	Received DOM event "DOMContentLoaded" for "https://apps.asrt.org/ContinuingEducation/Record.aspx"
1503688020721	Marionette	DEBUG	Received DOM event "pageshow" for "https://apps.asrt.org/ContinuingEducation/Record.aspx"
1503688020731	Marionette	DEBUG	Received DOM event "beforeunload" for "https://apps.asrt.org/ContinuingEducation/Record.aspx"
1503688020773	Marionette	DEBUG	Received DOM event "pagehide" for "https://apps.asrt.org/ContinuingEducation/Record.aspx"
1503688020775	Marionette	DEBUG	Received DOM event "unload" for "https://apps.asrt.org/ContinuingEducation/Record.aspx"
1503688020956	Marionette	DEBUG	Received DOM event "DOMContentLoaded" for "https://apps.asrt.org/MyASRT.aspx"
1503688021184	Marionette	DEBUG	Received DOM event "pageshow" for "https://apps.asrt.org/MyASRT.aspx"
1503688021229	Marionette	DEBUG	Received DOM event "pagehide" for "https://apps.asrt.org/MyASRT.aspx"
1503688021371	Marionette	INFO	New connections will no longer be accepted
1503688021378	addons.xpi	DEBUG	Calling bootstrap method shutdown on webcompat@mozilla.org version 1.1
1503688021378	addons.xpi	DEBUG	Calling bootstrap method shutdown on screenshots@mozilla.org version 6.6.0
1503688021379	addons.xpi	DEBUG	Calling bootstrap method shutdown on firefox@getpocket.com version 1.0.5
1503688021379	addons.xpi	DEBUG	Calling bootstrap method shutdown on e10srollout@mozilla.org version 1.50
1503688021380	addons.xpi	DEBUG	Calling bootstrap method shutdown on aushelper@mozilla.org version 2.0
JavaScript error: resource://app/modules/RemotePrompt.jsm, line 107: TypeError: browser.messageManager is undefined
tps://www.facebook.com/tr/"
1503614668656	Marionette	DEBUG	Received observer notification "outer-window-destroyed" for "2147483676"
1503614668810	Marionette	DEBUG	Canceled page load listener because no navigation has been detected
1503614668912	Marionette	INFO	New connections will no longer be accepted
1503614668938	addons.xpi	DEBUG	Calling bootstrap method shutdown on webcompat@mozilla.org version 1.1
1503614668939	addons.xpi	DEBUG	Calling bootstrap method shutdown on screenshots@mozilla.org version 6.6.0
1503614668939	addons.xpi	DEBUG	Calling bootstrap method shutdown on firefox@getpocket.com version 1.0.5
1503614668940	addons.xpi	DEBUG	Calling bootstrap method shutdown on e10srollout@mozilla.org version 1.50
1503614668940	addons.xpi	DEBUG	Calling bootstrap method shutdown on aushelper@mozilla.org version 2.0
ette	DEBUG	Canceled page load listener because no navigation has been detected
1503606291102	Marionette	INFO	New connections will no longer be accepted
1503606291109	addons.xpi	DEBUG	Calling bootstrap method shutdown on webcompat@mozilla.org version 1.1
1503606291109	addons.xpi	DEBUG	Calling bootstrap method shutdown on screenshots@mozilla.org version 6.6.0
1503606291109	addons.xpi	DEBUG	Calling bootstrap method shutdown on firefox@getpocket.com version 1.0.5
1503606291110	addons.xpi	DEBUG	Calling bootstrap method shutdown on e10srollout@mozilla.org version 1.50
1503606291111	addons.xpi	DEBUG	Calling bootstrap method shutdown on aushelper@mozilla.org version 2.0
strap method shutdown on e10srollout@mozilla.org version 1.50
1503605194440	addons.xpi	DEBUG	Calling bootstrap method shutdown on aushelper@mozilla.org version 2.0
